<?xml version="1.0" encoding="UTF-8"?>
<!-- Generated by org.testng.reporters.JUnitXMLReporter -->
<testsuite ignored="0" hostname="DESKTOP-C5UC5JG" failures="0" tests="5" name="chrome-test" time="145.356" errors="0" timestamp="2024-11-16T12:32:13 IST">
  <testcase classname="TestCases.TC001LoginLogout" name="VerifyLoginLogoutStatus" time="11.548"/>
  <testcase classname="TestCases.TC002CreateLead" name="verifyCreateLead" time="21.551"/>
  <testcase classname="TestCases.TC003MergeLead" name="verifyMergeLeads" time="13.054"/>
  <testcase classname="TestCases.TC003MergeLead" name="verifyMergeLeads" time="17.328"/>
  <testcase classname="TestCases.TC003MergeLead" name="verifyMergeLeads" time="11.645"/>
</testsuite> <!-- chrome-test -->
