<?xml version="1.0" encoding="UTF-8"?>
<!-- Generated by org.testng.reporters.JUnitXMLReporter -->
<testsuite ignored="0" hostname="DESKTOP-C5UC5JG" failures="0" tests="3" name="DataDrivenTest" time="54.515" errors="0" timestamp="2024-11-16T12:09:19 IST">
  <testcase classname="TestCases.TC005CreateLead_TDD" name="verifyCreateLead" time="9.28"/>
  <testcase classname="TestCases.TC005CreateLead_TDD" name="verifyCreateLead" time="9.189"/>
  <testcase classname="TestCases.TC005CreateLead_TDD" name="verifyCreateLead" time="11.556"/>
</testsuite> <!-- DataDrivenTest -->
