<?xml version="1.0" encoding="UTF-8"?>
<!-- Generated by org.testng.reporters.JUnitXMLReporter -->
<testsuite ignored="0" hostname="DESKTOP-C5UC5JG" failures="1" tests="3" name="edge-test" time="143.231" errors="0" timestamp="2024-11-16T12:32:11 IST">
  <testcase classname="TestCases.TC001LoginLogout" name="VerifyLoginLogoutStatus" time="4.118"/>
  <testcase classname="TestCases.TC002CreateLead" name="verifyCreateLead" time="25.515"/>
  <testcase classname="TestCases.TC004FindLead" name="verifyFindLeads" time="38.457">
    <failure type="java.lang.NullPointerException" message="Cannot invoke &amp;quot;String.isEmpty()&amp;quot; because &amp;quot;text&amp;quot; is null">
      <![CDATA[java.lang.NullPointerException: Cannot invoke "String.isEmpty()" because "text" is null
at Pages.ViewLeadPage.verifyFindLeadName(ViewLeadPage.java:26)
at TestCases.TC004FindLead.verifyFindLeads(TC004FindLead.java:20)
at java.base/java.util.ArrayList.forEach(ArrayList.java:1511)
at java.base/java.util.concurrent.FutureTask.run(FutureTask.java:264)
at java.base/java.util.concurrent.ThreadPoolExecutor.runWorker(ThreadPoolExecutor.java:1136)
at java.base/java.util.concurrent.ThreadPoolExecutor$Worker.run(ThreadPoolExecutor.java:635)
at java.base/java.lang.Thread.run(Thread.java:833)
... Removed 18 stack frames]]>
    </failure>
  </testcase> <!-- verifyFindLeads -->
</testsuite> <!-- edge-test -->
