<?xml version="1.0" encoding="UTF-8"?>
<!-- Generated by org.testng.reporters.JUnitXMLReporter -->
<testsuite ignored="0" hostname="DESKTOP-C5UC5JG" failures="0" tests="3" name="Test2" time="95.819" errors="0" timestamp="2024-11-15T13:51:20 IST">
  <testcase classname="TestCases.TC001LoginLogout" name="VerifyLoginLogoutStatus" time="11.372"/>
  <testcase classname="TestCases.TC002CreateLead" name="verifyCreateLead" time="23.162"/>
  <testcase classname="TestCases.TC003MergeLead" name="verifyMergeLeads" time="14.123"/>
</testsuite> <!-- Test2 -->
