<?xml version="1.0" encoding="UTF-8"?>
<!-- Generated by org.testng.reporters.JUnitXMLReporter -->
<testsuite ignored="0" hostname="DESKTOP-C5UC5JG" failures="0" tests="3" name="Test3" time="91.464" errors="0" timestamp="2024-11-15T13:51:16 IST">
  <testcase classname="TestCases.TC001LoginLogout" name="VerifyLoginLogoutStatus" time="5.393"/>
  <testcase classname="TestCases.TC002CreateLead" name="verifyCreateLead" time="29.211"/>
  <testcase classname="TestCases.TC004FindLead" name="verifyFindLeads" time="16.053"/>
</testsuite> <!-- Test3 -->
