<?xml version="1.0" encoding="UTF-8"?>
<testng-results ignored="0" total="10" passed="9" failed="1" skipped="0">
  <reporter-output>
  </reporter-output>
  <suite started-at="2024-11-16T12:29:47 IST" name="Suite" finished-at="2024-11-16T12:32:13 IST" duration-ms="145356">
    <groups>
    </groups>
    <test started-at="2024-11-16T12:29:47 IST" name="firefox-Test" finished-at="2024-11-16T12:31:11 IST" duration-ms="84064">
      <class name="TestCases.TC002CreateLead">
        <test-method is-config="true" signature="preCondition(java.lang.String)[pri:0, instance:TestCases.TC002CreateLead@4d5650ae]" started-at="2024-11-16T12:30:22 IST" name="preCondition" finished-at="2024-11-16T12:30:42 IST" duration-ms="19903" status="PASS">
          <params>
            <param index="0">
              <value>
                <![CDATA[firefox]]>
              </value>
            </param>
          </params>
          <reporter-output>
          </reporter-output>
        </test-method> <!-- preCondition -->
        <test-method signature="verifyCreateLead()[pri:0, instance:TestCases.TC002CreateLead@4d5650ae]" started-at="2024-11-16T12:30:42 IST" name="verifyCreateLead" finished-at="2024-11-16T12:31:08 IST" duration-ms="25283" status="PASS">
          <reporter-output>
          </reporter-output>
        </test-method> <!-- verifyCreateLead -->
        <test-method is-config="true" signature="postCondition()[pri:0, instance:TestCases.TC002CreateLead@4d5650ae]" started-at="2024-11-16T12:31:08 IST" name="postCondition" finished-at="2024-11-16T12:31:11 IST" duration-ms="3686" status="PASS">
          <reporter-output>
          </reporter-output>
        </test-method> <!-- postCondition -->
      </class> <!-- TestCases.TC002CreateLead -->
      <class name="TestCases.TC001LoginLogout">
        <test-method is-config="true" signature="preCondition(java.lang.String)[pri:0, instance:TestCases.TC001LoginLogout@1de5f259]" started-at="2024-11-16T12:29:48 IST" name="preCondition" finished-at="2024-11-16T12:30:09 IST" duration-ms="21828" status="PASS">
          <params>
            <param index="0">
              <value>
                <![CDATA[firefox]]>
              </value>
            </param>
          </params>
          <reporter-output>
          </reporter-output>
        </test-method> <!-- preCondition -->
        <test-method signature="VerifyLoginLogoutStatus()[pri:0, instance:TestCases.TC001LoginLogout@1de5f259]" started-at="2024-11-16T12:30:09 IST" name="VerifyLoginLogoutStatus" finished-at="2024-11-16T12:30:14 IST" duration-ms="5043" status="PASS">
          <reporter-output>
          </reporter-output>
        </test-method> <!-- VerifyLoginLogoutStatus -->
        <test-method is-config="true" signature="postCondition()[pri:0, instance:TestCases.TC001LoginLogout@1de5f259]" started-at="2024-11-16T12:30:14 IST" name="postCondition" finished-at="2024-11-16T12:30:22 IST" duration-ms="7988" status="PASS">
          <reporter-output>
          </reporter-output>
        </test-method> <!-- postCondition -->
      </class> <!-- TestCases.TC001LoginLogout -->
    </test> <!-- firefox-Test -->
    <test started-at="2024-11-16T12:29:47 IST" name="edge-test" finished-at="2024-11-16T12:32:11 IST" duration-ms="143231">
      <class name="TestCases.TC004FindLead">
        <test-method is-config="true" signature="preCondition(java.lang.String)[pri:0, instance:TestCases.TC004FindLead@470734c3]" started-at="2024-11-16T12:31:19 IST" name="preCondition" finished-at="2024-11-16T12:31:30 IST" duration-ms="10544" status="PASS">
          <params>
            <param index="0">
              <value>
                <![CDATA[edge]]>
              </value>
            </param>
          </params>
          <reporter-output>
          </reporter-output>
        </test-method> <!-- preCondition -->
        <test-method signature="verifyFindLeads()[pri:0, instance:TestCases.TC004FindLead@470734c3]" started-at="2024-11-16T12:31:30 IST" name="verifyFindLeads" finished-at="2024-11-16T12:32:08 IST" duration-ms="38457" status="FAIL">
          <exception class="java.lang.NullPointerException">
            <message>
              <![CDATA[Cannot invoke "String.isEmpty()" because "text" is null]]>
            </message>
            <full-stacktrace>
              <![CDATA[java.lang.NullPointerException: Cannot invoke "String.isEmpty()" because "text" is null
at Pages.ViewLeadPage.verifyFindLeadName(ViewLeadPage.java:26)
at TestCases.TC004FindLead.verifyFindLeads(TC004FindLead.java:20)
at java.base/jdk.internal.reflect.NativeMethodAccessorImpl.invoke0(Native Method)
at java.base/jdk.internal.reflect.NativeMethodAccessorImpl.invoke(NativeMethodAccessorImpl.java:77)
at java.base/jdk.internal.reflect.DelegatingMethodAccessorImpl.invoke(DelegatingMethodAccessorImpl.java:43)
at java.base/java.lang.reflect.Method.invoke(Method.java:568)
at org.testng.internal.MethodInvocationHelper.invokeMethod(MethodInvocationHelper.java:133)
at org.testng.internal.TestInvoker.invokeMethod(TestInvoker.java:598)
at org.testng.internal.TestInvoker.invokeTestMethod(TestInvoker.java:173)
at org.testng.internal.MethodRunner.runInSequence(MethodRunner.java:46)
at org.testng.internal.TestInvoker$MethodInvocationAgent.invoke(TestInvoker.java:824)
at org.testng.internal.TestInvoker.invokeTestMethods(TestInvoker.java:146)
at org.testng.internal.TestMethodWorker.invokeTestMethods(TestMethodWorker.java:146)
at org.testng.internal.TestMethodWorker.run(TestMethodWorker.java:128)
at java.base/java.util.ArrayList.forEach(ArrayList.java:1511)
at org.testng.TestRunner.privateRun(TestRunner.java:794)
at org.testng.TestRunner.run(TestRunner.java:596)
at org.testng.SuiteRunner.runTest(SuiteRunner.java:377)
at org.testng.SuiteRunner.access$000(SuiteRunner.java:28)
at org.testng.SuiteRunner$SuiteWorker.run(SuiteRunner.java:418)
at org.testng.internal.thread.ThreadUtil.lambda$execute$0(ThreadUtil.java:64)
at java.base/java.util.concurrent.FutureTask.run(FutureTask.java:264)
at java.base/java.util.concurrent.ThreadPoolExecutor.runWorker(ThreadPoolExecutor.java:1136)
at java.base/java.util.concurrent.ThreadPoolExecutor$Worker.run(ThreadPoolExecutor.java:635)
at java.base/java.lang.Thread.run(Thread.java:833)
]]>
            </full-stacktrace>
          </exception> <!-- java.lang.NullPointerException -->
          <reporter-output>
          </reporter-output>
        </test-method> <!-- verifyFindLeads -->
        <test-method is-config="true" signature="postCondition()[pri:0, instance:TestCases.TC004FindLead@470734c3]" started-at="2024-11-16T12:32:09 IST" name="postCondition" finished-at="2024-11-16T12:32:11 IST" duration-ms="1915" status="PASS">
          <reporter-output>
          </reporter-output>
        </test-method> <!-- postCondition -->
      </class> <!-- TestCases.TC004FindLead -->
      <class name="TestCases.TC002CreateLead">
        <test-method is-config="true" signature="preCondition(java.lang.String)[pri:0, instance:TestCases.TC002CreateLead@4b741d6d]" started-at="2024-11-16T12:30:24 IST" name="preCondition" finished-at="2024-11-16T12:30:49 IST" duration-ms="25627" status="PASS">
          <params>
            <param index="0">
              <value>
                <![CDATA[edge]]>
              </value>
            </param>
          </params>
          <reporter-output>
          </reporter-output>
        </test-method> <!-- preCondition -->
        <test-method signature="verifyCreateLead()[pri:0, instance:TestCases.TC002CreateLead@4b741d6d]" started-at="2024-11-16T12:30:49 IST" name="verifyCreateLead" finished-at="2024-11-16T12:31:15 IST" duration-ms="25515" status="PASS">
          <reporter-output>
          </reporter-output>
        </test-method> <!-- verifyCreateLead -->
        <test-method is-config="true" signature="postCondition()[pri:0, instance:TestCases.TC002CreateLead@4b741d6d]" started-at="2024-11-16T12:31:15 IST" name="postCondition" finished-at="2024-11-16T12:31:19 IST" duration-ms="4296" status="PASS">
          <reporter-output>
          </reporter-output>
        </test-method> <!-- postCondition -->
      </class> <!-- TestCases.TC002CreateLead -->
      <class name="TestCases.TC001LoginLogout">
        <test-method is-config="true" signature="preCondition(java.lang.String)[pri:0, instance:TestCases.TC001LoginLogout@15bb5034]" started-at="2024-11-16T12:29:48 IST" name="preCondition" finished-at="2024-11-16T12:30:18 IST" duration-ms="29824" status="PASS">
          <params>
            <param index="0">
              <value>
                <![CDATA[edge]]>
              </value>
            </param>
          </params>
          <reporter-output>
          </reporter-output>
        </test-method> <!-- preCondition -->
        <test-method signature="VerifyLoginLogoutStatus()[pri:0, instance:TestCases.TC001LoginLogout@15bb5034]" started-at="2024-11-16T12:30:18 IST" name="VerifyLoginLogoutStatus" finished-at="2024-11-16T12:30:22 IST" duration-ms="4118" status="PASS">
          <reporter-output>
          </reporter-output>
        </test-method> <!-- VerifyLoginLogoutStatus -->
        <test-method is-config="true" signature="postCondition()[pri:0, instance:TestCases.TC001LoginLogout@15bb5034]" started-at="2024-11-16T12:30:22 IST" name="postCondition" finished-at="2024-11-16T12:30:24 IST" duration-ms="2019" status="PASS">
          <reporter-output>
          </reporter-output>
        </test-method> <!-- postCondition -->
      </class> <!-- TestCases.TC001LoginLogout -->
    </test> <!-- edge-test -->
    <test started-at="2024-11-16T12:29:47 IST" name="chrome-test" finished-at="2024-11-16T12:32:13 IST" duration-ms="145356">
      <class name="TestCases.TC003MergeLead">
        <test-method is-config="true" signature="preCondition(java.lang.String)[pri:0, instance:TestCases.TC003MergeLead@53fe15ff]" started-at="2024-11-16T12:31:06 IST" name="preCondition" finished-at="2024-11-16T12:31:17 IST" duration-ms="11404" status="PASS">
          <params>
            <param index="0">
              <value>
                <![CDATA[chrome]]>
              </value>
            </param>
          </params>
          <reporter-output>
          </reporter-output>
        </test-method> <!-- preCondition -->
        <test-method signature="verifyMergeLeads()[pri:0, instance:TestCases.TC003MergeLead@53fe15ff]" started-at="2024-11-16T12:31:17 IST" name="verifyMergeLeads" finished-at="2024-11-16T12:31:30 IST" duration-ms="13054" status="PASS">
          <reporter-output>
          </reporter-output>
        </test-method> <!-- verifyMergeLeads -->
        <test-method is-config="true" signature="postCondition()[pri:0, instance:TestCases.TC003MergeLead@53fe15ff]" started-at="2024-11-16T12:31:30 IST" name="postCondition" finished-at="2024-11-16T12:31:31 IST" duration-ms="530" status="PASS">
          <reporter-output>
          </reporter-output>
        </test-method> <!-- postCondition -->
        <test-method is-config="true" signature="preCondition(java.lang.String)[pri:0, instance:TestCases.TC003MergeLead@53fe15ff]" started-at="2024-11-16T12:31:31 IST" name="preCondition" finished-at="2024-11-16T12:31:36 IST" duration-ms="5574" status="PASS">
          <params>
            <param index="0">
              <value>
                <![CDATA[chrome]]>
              </value>
            </param>
          </params>
          <reporter-output>
          </reporter-output>
        </test-method> <!-- preCondition -->
        <test-method signature="verifyMergeLeads()[pri:0, instance:TestCases.TC003MergeLead@53fe15ff]" started-at="2024-11-16T12:31:36 IST" name="verifyMergeLeads" finished-at="2024-11-16T12:31:53 IST" duration-ms="17328" status="PASS">
          <reporter-output>
          </reporter-output>
        </test-method> <!-- verifyMergeLeads -->
        <test-method is-config="true" signature="postCondition()[pri:0, instance:TestCases.TC003MergeLead@53fe15ff]" started-at="2024-11-16T12:31:53 IST" name="postCondition" finished-at="2024-11-16T12:31:54 IST" duration-ms="284" status="PASS">
          <reporter-output>
          </reporter-output>
        </test-method> <!-- postCondition -->
        <test-method is-config="true" signature="preCondition(java.lang.String)[pri:0, instance:TestCases.TC003MergeLead@53fe15ff]" started-at="2024-11-16T12:31:54 IST" name="preCondition" finished-at="2024-11-16T12:32:01 IST" duration-ms="7103" status="PASS">
          <params>
            <param index="0">
              <value>
                <![CDATA[chrome]]>
              </value>
            </param>
          </params>
          <reporter-output>
          </reporter-output>
        </test-method> <!-- preCondition -->
        <test-method signature="verifyMergeLeads()[pri:0, instance:TestCases.TC003MergeLead@53fe15ff]" started-at="2024-11-16T12:32:01 IST" name="verifyMergeLeads" finished-at="2024-11-16T12:32:12 IST" duration-ms="11645" status="PASS">
          <reporter-output>
          </reporter-output>
        </test-method> <!-- verifyMergeLeads -->
        <test-method is-config="true" signature="postCondition()[pri:0, instance:TestCases.TC003MergeLead@53fe15ff]" started-at="2024-11-16T12:32:12 IST" name="postCondition" finished-at="2024-11-16T12:32:13 IST" duration-ms="198" status="PASS">
          <reporter-output>
          </reporter-output>
        </test-method> <!-- postCondition -->
      </class> <!-- TestCases.TC003MergeLead -->
      <class name="TestCases.TC002CreateLead">
        <test-method is-config="true" signature="preCondition(java.lang.String)[pri:0, instance:TestCases.TC002CreateLead@2e8c1c9b]" started-at="2024-11-16T12:30:23 IST" name="preCondition" finished-at="2024-11-16T12:30:35 IST" duration-ms="12262" status="PASS">
          <params>
            <param index="0">
              <value>
                <![CDATA[chrome]]>
              </value>
            </param>
          </params>
          <reporter-output>
          </reporter-output>
        </test-method> <!-- preCondition -->
        <test-method signature="verifyCreateLead()[pri:0, instance:TestCases.TC002CreateLead@2e8c1c9b]" started-at="2024-11-16T12:30:35 IST" name="verifyCreateLead" finished-at="2024-11-16T12:30:56 IST" duration-ms="21551" status="PASS">
          <reporter-output>
          </reporter-output>
        </test-method> <!-- verifyCreateLead -->
        <test-method is-config="true" signature="postCondition()[pri:0, instance:TestCases.TC002CreateLead@2e8c1c9b]" started-at="2024-11-16T12:30:56 IST" name="postCondition" finished-at="2024-11-16T12:31:06 IST" duration-ms="9090" status="PASS">
          <reporter-output>
          </reporter-output>
        </test-method> <!-- postCondition -->
      </class> <!-- TestCases.TC002CreateLead -->
      <class name="TestCases.TC001LoginLogout">
        <test-method is-config="true" signature="preCondition(java.lang.String)[pri:0, instance:TestCases.TC001LoginLogout@76a4ebf2]" started-at="2024-11-16T12:29:48 IST" name="preCondition" finished-at="2024-11-16T12:29:56 IST" duration-ms="7729" status="PASS">
          <params>
            <param index="0">
              <value>
                <![CDATA[chrome]]>
              </value>
            </param>
          </params>
          <reporter-output>
          </reporter-output>
        </test-method> <!-- preCondition -->
        <test-method signature="VerifyLoginLogoutStatus()[pri:0, instance:TestCases.TC001LoginLogout@76a4ebf2]" started-at="2024-11-16T12:29:56 IST" name="VerifyLoginLogoutStatus" finished-at="2024-11-16T12:30:07 IST" duration-ms="11548" status="PASS">
          <reporter-output>
          </reporter-output>
        </test-method> <!-- VerifyLoginLogoutStatus -->
        <test-method is-config="true" signature="postCondition()[pri:0, instance:TestCases.TC001LoginLogout@76a4ebf2]" started-at="2024-11-16T12:30:07 IST" name="postCondition" finished-at="2024-11-16T12:30:23 IST" duration-ms="15404" status="PASS">
          <reporter-output>
          </reporter-output>
        </test-method> <!-- postCondition -->
      </class> <!-- TestCases.TC001LoginLogout -->
    </test> <!-- chrome-test -->
  </suite> <!-- Suite -->
</testng-results>
